ExecutionPlan : name=Join execPalnCount=1 usecase=join usecaseCount=1 useMultiDevice=false
Siddhi.Config [EnableAsync=false|GPUEnabled=false|RingBufferSize=8192|ThreadPoolSize=32|EventBlockSize=0|EventBatchMaxSize=0|EventBatchMinSize=0|SoftBatchScheduling=true]
Stream def = [ @plan:name('Join0')  define stream sensorStream ( sid string, ts long, x int, y int,  z int, v double, a double, vx int, vy int, vz int, ax int, ay int, az int, tsr long, tsms long ); ]
Join::ballStream = [ @info(name = 'ballStream0') from sensorStream[sid == '4' or sid == '8' or sid == '10' or sid == '12'] select sid, ts, x, y insert into ballStream; ]
Join::playersStream = [ @info(name = 'playersStream0') from sensorStream[sid != '4' and sid != '8' and sid != '10' and sid != '12' and sid != '105' and sid != '106'] select sid, ts, x, y insert into playersStream; ]
Join::nearBall = [ @info(name = 'nearBall0') from ballStream#window.length(2000) as a join playersStream#window.length(200) as b on a.x == b.x and a.y == b.y within 100 millisec select b.sid as psid, b.ts as pts, b.x as px, b.y as py insert into nearBallStream; ]
100k > 0 min : 13s
200k > 0 min : 20s
300k > 0 min : 28s
400k > 0 min : 36s
500k > 0 min : 43s
600k > 0 min : 51s
700k > 0 min : 59s
800k > 1 min : 6s
900k > 1 min : 14s
1000k > 1 min : 22s
1100k > 1 min : 29s
1200k > 1 min : 37s
1300k > 1 min : 44s
1400k > 1 min : 52s
1500k > 2 min : 0s
1600k > 2 min : 7s
1700k > 2 min : 15s
1800k > 2 min : 22s
1900k > 2 min : 30s
2000k > 2 min : 38s
2100k > 2 min : 45s
2200k > 2 min : 53s
2300k > 3 min : 1s
2400k > 3 min : 8s
2500k > 3 min : 16s
2600k > 3 min : 23s
2700k > 3 min : 31s
2800k > 3 min : 39s
2900k > 3 min : 46s
3000k > 3 min : 54s
3100k > 4 min : 1s
3200k > 4 min : 9s
3300k > 4 min : 17s
3400k > 4 min : 24s
3500k > 4 min : 32s
nearBallStream : [Event{timestamp=-1, data=[71, 10755344508729643, 21941, 11392], isExpired=false}]
nearBallStream : [Event{timestamp=-1, data=[71, 10755344508729643, 21941, 11392], isExpired=true}]
3600k > 4 min : 40s
nearBallStream : [Event{timestamp=-1, data=[38, 10757500568547685, 8283, 8940], isExpired=false}, Event{timestamp=-1, data=[38, 10757510030479449, 8283, 8940], isExpired=false}]
nearBallStream : [Event{timestamp=-1, data=[38, 10757500568547685, 8283, 8940], isExpired=true}, Event{timestamp=-1, data=[38, 10757510030479449, 8283, 8940], isExpired=true}]
3700k > 4 min : 47s
3800k > 4 min : 55s
3900k > 5 min : 3s
4000k > 5 min : 10s
4100k > 5 min : 18s
nearBallStream : [Event{timestamp=-1, data=[40, 10798414344022785, 7045, 30807], isExpired=false}]
nearBallStream : [Event{timestamp=-1, data=[40, 10798414344022785, 7045, 30807], isExpired=true}]
nearBallStream : [Event{timestamp=-1, data=[40, 10800734170426302, 9770, 28065], isExpired=false}]
nearBallStream : [Event{timestamp=-1, data=[40, 10800734170426302, 9770, 28065], isExpired=true}]
4200k > 5 min : 25s
4300k > 5 min : 33s
nearBallStream : [Event{timestamp=-1, data=[66, 10812270543120161, 34426, 22260], isExpired=false}, Event{timestamp=-1, data=[66, 10812270543120161, 34426, 22260], isExpired=false}]
nearBallStream : [Event{timestamp=-1, data=[66, 10812270543120161, 34426, 22260], isExpired=true}, Event{timestamp=-1, data=[66, 10812270543120161, 34426, 22260], isExpired=true}]
nearBallStream : [Event{timestamp=-1, data=[71, 10815295189681992, 19045, 22789], isExpired=false}, Event{timestamp=-1, data=[71, 10815295189681992, 19045, 22789], isExpired=false}, Event{timestamp=-1, data=[71, 10815319909572467, 19076, 22652], isExpired=false}, Event{timestamp=-1, data=[71, 10815319909572467, 19076, 22652], isExpired=false}]
nearBallStream : [Event{timestamp=-1, data=[71, 10815295189681992, 19045, 22789], isExpired=true}, Event{timestamp=-1, data=[71, 10815295189681992, 19045, 22789], isExpired=true}, Event{timestamp=-1, data=[71, 10815319909572467, 19076, 22652], isExpired=true}, Event{timestamp=-1, data=[71, 10815319909572467, 19076, 22652], isExpired=true}]
nearBallStream : [Event{timestamp=-1, data=[71, 10815868691130417, 19059, 21080], isExpired=false}]
nearBallStream : [Event{timestamp=-1, data=[71, 10815868691130417, 19059, 21080], isExpired=true}]
4400k > 5 min : 41s
nearBallStream : [Event{timestamp=-1, data=[69, 10821776631469806, 2479, 4531], isExpired=false}]
nearBallStream : [Event{timestamp=-1, data=[69, 10821776631469806, 2479, 4531], isExpired=true}]
4500k > 5 min : 48s
4600k > 5 min : 56s
4700k > 6 min : 4s
4800k > 6 min : 11s
4900k > 6 min : 19s
nearBallStream : [Event{timestamp=-1, data=[88, 10856660444262287, 39503, -21300], isExpired=false}]
nearBallStream : [Event{timestamp=-1, data=[88, 10856660444262287, 39503, -21300], isExpired=true}]
5000k > 6 min : 27s
5100k > 6 min : 34s
5200k > 6 min : 42s
nearBallStream : [Event{timestamp=-1, data=[88, 10882324301090878, 39661, -20903], isExpired=false}, Event{timestamp=-1, data=[88, 10882324301090878, 39661, -20903], isExpired=false}, Event{timestamp=-1, data=[88, 10882334402982427, 39650, -20924], isExpired=false}]
nearBallStream : [Event{timestamp=-1, data=[88, 10882324301090878, 39661, -20903], isExpired=true}, Event{timestamp=-1, data=[88, 10882324301090878, 39661, -20903], isExpired=true}, Event{timestamp=-1, data=[88, 10882334402982427, 39650, -20924], isExpired=true}]
5300k > 6 min : 50s
5400k > 6 min : 57s
5500k > 7 min : 5s
nearBallStream : [Event{timestamp=-1, data=[52, 10907398049355059, 16010, -8551], isExpired=false}]
nearBallStream : [Event{timestamp=-1, data=[52, 10907398049355059, 16010, -8551], isExpired=true}]
5600k > 7 min : 12s
5700k > 7 min : 20s
<playersStream> Throughput = 4686.49 Event/sec 1942691
5800k > 7 min : 28s
5900k > 7 min : 35s
6000k > 7 min : 43s
6100k > 7 min : 51s
<ballStream> Throughput = 4031.83 Event/sec 1876082
6200k > 7 min : 59s
nearBallStream : [Event{timestamp=-1, data=[38, 10957345997666186, -1103, -33711], isExpired=false}, Event{timestamp=-1, data=[38, 10957350728630410, -1105, -33711], isExpired=false}, Event{timestamp=-1, data=[38, 10957350728630410, -1105, -33711], isExpired=false}]
nearBallStream : [Event{timestamp=-1, data=[38, 10957350728630410, -1105, -33711], isExpired=true}, Event{timestamp=-1, data=[38, 10957350728630410, -1105, -33711], isExpired=true}, Event{timestamp=-1, data=[38, 10957345997666186, -1103, -33711], isExpired=true}]
6300k > 8 min : 6s
nearBallStream : [Event{timestamp=-1, data=[16, 10968275358543295, 21702, -25283], isExpired=false}]
nearBallStream : [Event{timestamp=-1, data=[16, 10968275358543295, 21702, -25283], isExpired=true}]
6400k > 8 min : 14s
6500k > 8 min : 21s
nearBallStream : [Event{timestamp=-1, data=[52, 10984697504891753, 13435, -21825], isExpired=false}, Event{timestamp=-1, data=[52, 10984711967802836, 13434, -21822], isExpired=false}, Event{timestamp=-1, data=[52, 10984760177512349, 13406, -21786], isExpired=false}]
nearBallStream : [Event{timestamp=-1, data=[52, 10984697504891753, 13435, -21825], isExpired=true}, Event{timestamp=-1, data=[52, 10984711967802836, 13434, -21822], isExpired=true}, Event{timestamp=-1, data=[52, 10984760177512349, 13406, -21786], isExpired=true}]
6600k > 8 min : 29s
6700k > 8 min : 37s
nearBallStream : [Event{timestamp=-1, data=[16, 10996332297110105, 45986, -7268], isExpired=false}, Event{timestamp=-1, data=[16, 10996332297110105, 45986, -7268], isExpired=false}]
nearBallStream : [Event{timestamp=-1, data=[16, 10996332297110105, 45986, -7268], isExpired=true}, Event{timestamp=-1, data=[16, 10996332297110105, 45986, -7268], isExpired=true}]
6800k > 8 min : 44s
6900k > 8 min : 52s
nearBallStream : [Event{timestamp=-1, data=[54, 11010647052258288, 6446, 6593], isExpired=false}, Event{timestamp=-1, data=[54, 11010647052258288, 6446, 6593], isExpired=false}]
nearBallStream : [Event{timestamp=-1, data=[54, 11010647052258288, 6446, 6593], isExpired=true}, Event{timestamp=-1, data=[54, 11010647052258288, 6446, 6593], isExpired=true}]
7000k > 9 min : 0s
7100k > 9 min : 7s
7200k > 9 min : 16s
nearBallStream : [Event{timestamp=-1, data=[54, 11033395971190035, 4850, -7033], isExpired=false}, Event{timestamp=-1, data=[54, 11033395971190035, 4850, -7033], isExpired=false}]
nearBallStream : [Event{timestamp=-1, data=[54, 11033395971190035, 4850, -7033], isExpired=true}, Event{timestamp=-1, data=[54, 11033395971190035, 4850, -7033], isExpired=true}]
7300k > 9 min : 24s
7400k > 9 min : 32s
7500k > 9 min : 40s
nearBallStream : [Event{timestamp=-1, data=[52, 11059774477251349, 5289, -27329], isExpired=false}]
nearBallStream : [Event{timestamp=-1, data=[52, 11059774477251349, 5289, -27329], isExpired=true}]
nearBallStream : [Event{timestamp=-1, data=[74, 11060952091084672, 1917, -28377], isExpired=false}]
nearBallStream : [Event{timestamp=-1, data=[74, 11060952091084672, 1917, -28377], isExpired=true}]
7600k > 9 min : 48s
7700k > 9 min : 56s
7800k > 10 min : 4s
7900k > 10 min : 12s
8000k > 10 min : 20s
8100k > 10 min : 28s
8200k > 10 min : 36s
8300k > 10 min : 44s
nearBallStream : [Event{timestamp=-1, data=[54, 11118018256293131, -727, 19267], isExpired=false}, Event{timestamp=-1, data=[54, 11118018256293131, -727, 19267], isExpired=false}]
nearBallStream : [Event{timestamp=-1, data=[54, 11118018256293131, -727, 19267], isExpired=true}, Event{timestamp=-1, data=[54, 11118018256293131, -727, 19267], isExpired=true}]
nearBallStream : [Event{timestamp=-1, data=[54, 11119612806235321, -288, 19562], isExpired=false}, Event{timestamp=-1, data=[54, 11119612806235321, -288, 19562], isExpired=false}, Event{timestamp=-1, data=[54, 11119612806235321, -288, 19562], isExpired=false}, Event{timestamp=-1, data=[54, 11119612806235321, -288, 19562], isExpired=false}, Event{timestamp=-1, data=[54, 11119612806235321, -288, 19562], isExpired=false}, Event{timestamp=-1, data=[54, 11119612806235321, -288, 19562], isExpired=false}, Event{timestamp=-1, data=[54, 11119617638205715, -283, 19558], isExpired=false}, Event{timestamp=-1, data=[54, 11119617638205715, -283, 19558], isExpired=false}]
nearBallStream : [Event{timestamp=-1, data=[54, 11119612806235321, -288, 19562], isExpired=true}, Event{timestamp=-1, data=[54, 11119612806235321, -288, 19562], isExpired=true}, Event{timestamp=-1, data=[54, 11119612806235321, -288, 19562], isExpired=true}, Event{timestamp=-1, data=[54, 11119612806235321, -288, 19562], isExpired=true}, Event{timestamp=-1, data=[54, 11119612806235321, -288, 19562], isExpired=true}, Event{timestamp=-1, data=[54, 11119612806235321, -288, 19562], isExpired=true}, Event{timestamp=-1, data=[54, 11119617638205715, -283, 19558], isExpired=true}, Event{timestamp=-1, data=[54, 11119617638205715, -283, 19558], isExpired=true}]
8400k > 10 min : 51s
nearBallStream : [Event{timestamp=-1, data=[61, 11130531878769211, 18547, 30286], isExpired=false}]
nearBallStream : [Event{timestamp=-1, data=[61, 11130531878769211, 18547, 30286], isExpired=true}]
8500k > 10 min : 59s
8600k > 11 min : 7s
8700k > 11 min : 15s
nearBallStream : [Event{timestamp=-1, data=[67, 11147961964248747, 24705, -9621], isExpired=false}]
nearBallStream : [Event{timestamp=-1, data=[67, 11147961964248747, 24705, -9621], isExpired=true}]
8800k > 11 min : 23s
8900k > 11 min : 31s
nearBallStream : [Event{timestamp=-1, data=[52, 11165450130601851, 7911, -17308], isExpired=false}]
nearBallStream : [Event{timestamp=-1, data=[52, 11165450130601851, 7911, -17308], isExpired=true}]
9000k > 11 min : 38s
nearBallStream : [Event{timestamp=-1, data=[47, 11171741523018854, 43505, -3602], isExpired=false}]
nearBallStream : [Event{timestamp=-1, data=[47, 11171741523018854, 43505, -3602], isExpired=true}]
9100k > 11 min : 46s
nearBallStream : [Event{timestamp=-1, data=[40, 11179292586340296, 26107, 32805], isExpired=false}, Event{timestamp=-1, data=[40, 11179292586340296, 26107, 32805], isExpired=false}]
nearBallStream : [Event{timestamp=-1, data=[40, 11179292586340296, 26107, 32805], isExpired=true}, Event{timestamp=-1, data=[40, 11179292586340296, 26107, 32805], isExpired=true}]
9200k > 11 min : 54s
9300k > 12 min : 2s
9400k > 12 min : 10s
9500k > 12 min : 18s
9600k > 12 min : 26s
9700k > 12 min : 34s
nearBallStream : [Event{timestamp=-1, data=[69, 11226747892854429, 3908, 3379], isExpired=false}]
nearBallStream : [Event{timestamp=-1, data=[69, 11226747892854429, 3908, 3379], isExpired=true}]
9800k > 12 min : 41s
nearBallStream : [Event{timestamp=-1, data=[19, 11237369093236052, 32228, -10326], isExpired=false}]
nearBallStream : [Event{timestamp=-1, data=[19, 11237369093236052, 32228, -10326], isExpired=true}]
<playersStream> Throughput = 4808.5 Event/sec 2178430
9900k > 12 min : 49s
nearBallStream : [Event{timestamp=-1, data=[54, 11248906647524229, 5012, -10538], isExpired=false}]
nearBallStream : [Event{timestamp=-1, data=[54, 11248906647524229, 5012, -10538], isExpired=true}]
10000k > 12 min : 57s
10100k > 13 min : 5s
10200k > 13 min : 13s
10300k > 13 min : 21s
<ballStream> Throughput = 4237.89 Event/sec 1918601
10400k > 13 min : 29s
10500k > 13 min : 37s
10600k > 13 min : 44s
nearBallStream : [Event{timestamp=-1, data=[57, 11299957458648768, 1567, 10925], isExpired=false}]
nearBallStream : [Event{timestamp=-1, data=[57, 11299957458648768, 1567, 10925], isExpired=true}]
10700k > 13 min : 52s
nearBallStream : [Event{timestamp=-1, data=[61, 11311061030071609, 34887, 38532], isExpired=false}]
nearBallStream : [Event{timestamp=-1, data=[61, 11311061030071609, 34887, 38532], isExpired=true}]
10800k > 14 min : 0s
10900k > 14 min : 8s
11000k > 14 min : 16s
11100k > 14 min : 24s
11200k > 14 min : 31s
11300k > 14 min : 39s
nearBallStream : [Event{timestamp=-1, data=[53, 11354418966830365, 10575, -12603], isExpired=false}, Event{timestamp=-1, data=[53, 11354423793806920, 10581, -12612], isExpired=false}, Event{timestamp=-1, data=[53, 11354443101712214, 10604, -12642], isExpired=false}, Event{timestamp=-1, data=[53, 11354443101712214, 10604, -12642], isExpired=false}, Event{timestamp=-1, data=[53, 11354447928688598, 10610, -12649], isExpired=false}, Event{timestamp=-1, data=[53, 11354447928688598, 10610, -12649], isExpired=false}]
nearBallStream : [Event{timestamp=-1, data=[53, 11354418966830365, 10575, -12603], isExpired=true}, Event{timestamp=-1, data=[53, 11354423793806920, 10581, -12612], isExpired=true}]
nearBallStream : [Event{timestamp=-1, data=[53, 11354443101712214, 10604, -12642], isExpired=true}, Event{timestamp=-1, data=[53, 11354443101712214, 10604, -12642], isExpired=true}]
nearBallStream : [Event{timestamp=-1, data=[53, 11354447928688598, 10610, -12649], isExpired=true}, Event{timestamp=-1, data=[53, 11354447928688598, 10610, -12649], isExpired=true}]
11400k > 14 min : 47s
11500k > 14 min : 55s
11600k > 15 min : 3s
11700k > 15 min : 10s
nearBallStream : [Event{timestamp=-1, data=[28, 11390658177207014, 15344, 23034], isExpired=false}]
nearBallStream : [Event{timestamp=-1, data=[28, 11390658177207014, 15344, 23034], isExpired=true}]
nearBallStream : [Event{timestamp=-1, data=[53, 11391079852713423, 17840, 18555], isExpired=false}, Event{timestamp=-1, data=[53, 11391089506665728, 17856, 18570], isExpired=false}]
11800k > 15 min : 18s
nearBallStream : [Event{timestamp=-1, data=[53, 11391079852713423, 17840, 18555], isExpired=true}, Event{timestamp=-1, data=[53, 11391089506665728, 17856, 18570], isExpired=true}]
11900k > 15 min : 26s
12000k > 15 min : 34s
12100k > 15 min : 42s
12200k > 15 min : 50s
12300k > 15 min : 57s
12400k > 16 min : 5s
nearBallStream : [Event{timestamp=-1, data=[16, 11441624894530965, 37819, 9771], isExpired=false}]
nearBallStream : [Event{timestamp=-1, data=[16, 11441624894530965, 37819, 9771], isExpired=true}]
12500k > 16 min : 13s
nearBallStream : [Event{timestamp=-1, data=[47, 11452160835781606, 43815, -19991], isExpired=false}]
nearBallStream : [Event{timestamp=-1, data=[47, 11452160835781606, 43815, -19991], isExpired=true}]
12600k > 16 min : 21s
12700k > 16 min : 29s
12800k > 16 min : 36s
nearBallStream : [Event{timestamp=-1, data=[47, 11473400006660778, 50769, -4938], isExpired=false}]
nearBallStream : [Event{timestamp=-1, data=[47, 11473400006660778, 50769, -4938], isExpired=true}]
12900k > 16 min : 44s
nearBallStream : [Event{timestamp=-1, data=[69, 11483120933428726, 15543, 637], isExpired=false}]
nearBallStream : [Event{timestamp=-1, data=[69, 11483120933428726, 15543, 637], isExpired=true}]
13000k > 16 min : 52s
13100k > 17 min : 0s
13200k > 17 min : 8s
13300k > 17 min : 16s
13400k > 17 min : 24s
13500k > 17 min : 32s
13600k > 17 min : 39s
13700k > 17 min : 47s
13800k > 17 min : 55s
nearBallStream : [Event{timestamp=-1, data=[52, 11550341914911159, 31121, -27499], isExpired=false}]
nearBallStream : [Event{timestamp=-1, data=[52, 11550341914911159, 31121, -27499], isExpired=true}]
13900k > 18 min : 3s
14000k > 18 min : 11s
nearBallStream : [Event{timestamp=-1, data=[57, 11563959017520513, 24734, -764], isExpired=false}, Event{timestamp=-1, data=[57, 11563959017520513, 24734, -764], isExpired=false}]
nearBallStream : [Event{timestamp=-1, data=[57, 11563959017520513, 24734, -764], isExpired=true}, Event{timestamp=-1, data=[57, 11563959017520513, 24734, -764], isExpired=true}]
<playersStream> Throughput = 4749.71 Event/sec 2158843
14100k > 18 min : 18s
14200k > 18 min : 26s
14300k > 18 min : 34s
14400k > 18 min : 42s
14500k > 18 min : 50s
<ballStream> Throughput = 4263.28 Event/sec 1936533
nearBallStream : [Event{timestamp=-1, data=[64, 11609769787316363, 51247, 6688], isExpired=false}]
nearBallStream : [Event{timestamp=-1, data=[64, 11609769787316363, 51247, 6688], isExpired=true}]
14600k > 18 min : 58s
14700k > 19 min : 6s
nearBallStream : [Event{timestamp=-1, data=[67, 11620440254446424, 15132, -1106], isExpired=false}]
nearBallStream : [Event{timestamp=-1, data=[67, 11620440254446424, 15132, -1106], isExpired=true}]
nearBallStream : [Event{timestamp=-1, data=[66, 11624772180949066, 39597, 5032], isExpired=false}]
nearBallStream : [Event{timestamp=-1, data=[66, 11624772180949066, 39597, 5032], isExpired=true}]
14800k > 19 min : 14s
14900k > 19 min : 22s
nearBallStream : [Event{timestamp=-1, data=[57, 11637651379908321, 8210, 10504], isExpired=false}, Event{timestamp=-1, data=[57, 11637651379908321, 8210, 10504], isExpired=false}]
nearBallStream : [Event{timestamp=-1, data=[57, 11637651379908321, 8210, 10504], isExpired=true}, Event{timestamp=-1, data=[57, 11637651379908321, 8210, 10504], isExpired=true}]
15000k > 19 min : 30s
nearBallStream : [Event{timestamp=-1, data=[49, 11646365147961036, 29287, -7276], isExpired=false}]
nearBallStream : [Event{timestamp=-1, data=[49, 11646365147961036, 29287, -7276], isExpired=true}]
15100k > 19 min : 38s
nearBallStream : [Event{timestamp=-1, data=[13, 11650599908542753, 26915, -25035], isExpired=false}]
nearBallStream : [Event{timestamp=-1, data=[13, 11650599908542753, 26915, -25035], isExpired=true}]
15200k > 19 min : 46s
15300k > 19 min : 55s
nearBallStream : [Event{timestamp=-1, data=[16, 11666861085519095, 45737, -3961], isExpired=false}, Event{timestamp=-1, data=[16, 11666861085519095, 45737, -3961], isExpired=false}]
nearBallStream : [Event{timestamp=-1, data=[16, 11666861085519095, 45737, -3961], isExpired=true}, Event{timestamp=-1, data=[16, 11666861085519095, 45737, -3961], isExpired=true}]
15400k > 20 min : 3s
15500k > 20 min : 10s
15600k > 20 min : 18s
nearBallStream : [Event{timestamp=-1, data=[69, 11694555795992408, 12344, 3466], isExpired=false}]
nearBallStream : [Event{timestamp=-1, data=[69, 11694555795992408, 12344, 3466], isExpired=true}]
15700k > 20 min : 26s
nearBallStream : [Event{timestamp=-1, data=[63, 11703530854043595, 40857, -15066], isExpired=false}]
nearBallStream : [Event{timestamp=-1, data=[63, 11703530854043595, 40857, -15066], isExpired=true}]
15800k > 20 min : 34s
nearBallStream : [Event{timestamp=-1, data=[13, 11710881746183568, 21611, -33271], isExpired=false}]
nearBallStream : [Event{timestamp=-1, data=[13, 11710881746183568, 21611, -33271], isExpired=true}]
15900k > 20 min : 42s
16000k > 20 min : 50s
16100k > 20 min : 58s
16200k > 21 min : 6s
16300k > 21 min : 14s
16400k > 21 min : 22s
nearBallStream : [Event{timestamp=-1, data=[40, 11757341838456300, 19737, 16316], isExpired=false}]
nearBallStream : [Event{timestamp=-1, data=[40, 11757341838456300, 19737, 16316], isExpired=true}]
nearBallStream : [Event{timestamp=-1, data=[40, 11758627467812369, 17315, 14446], isExpired=false}]
nearBallStream : [Event{timestamp=-1, data=[40, 11758627467812369, 17315, 14446], isExpired=true}]
16500k > 21 min : 30s
16600k > 21 min : 37s
nearBallStream : [Event{timestamp=-1, data=[57, 11774374131237772, 45070, 26512], isExpired=false}]
nearBallStream : [Event{timestamp=-1, data=[57, 11774374131237772, 45070, 26512], isExpired=true}]
16700k > 21 min : 45s
16800k > 21 min : 53s
16900k > 22 min : 1s
17000k > 22 min : 9s
17100k > 22 min : 17s
17200k > 22 min : 25s
17300k > 22 min : 33s
nearBallStream : [Event{timestamp=-1, data=[62, 11825024603711585, 27924, 29520], isExpired=false}]
nearBallStream : [Event{timestamp=-1, data=[62, 11825024603711585, 27924, 29520], isExpired=true}]
nearBallStream : [Event{timestamp=-1, data=[66, 11830435738995899, 36602, 25962], isExpired=false}]
nearBallStream : [Event{timestamp=-1, data=[66, 11830435738995899, 36602, 25962], isExpired=true}]
17400k > 22 min : 40s
nearBallStream : [Event{timestamp=-1, data=[71, 11838594649771813, 10385, 16006], isExpired=false}]
nearBallStream : [Event{timestamp=-1, data=[71, 11838594649771813, 10385, 16006], isExpired=true}]
17500k > 22 min : 48s
nearBallStream : [Event{timestamp=-1, data=[71, 11845298683551490, 16228, 15666], isExpired=false}]
nearBallStream : [Event{timestamp=-1, data=[71, 11845298683551490, 16228, 15666], isExpired=true}]
nearBallStream : [Event{timestamp=-1, data=[71, 11845590378236493, 15181, 14775], isExpired=false}]
nearBallStream : [Event{timestamp=-1, data=[71, 11845590378236493, 15181, 14775], isExpired=true}]
17600k > 22 min : 56s
nearBallStream : [Event{timestamp=-1, data=[54, 11855420461168994, -1924, 10601], isExpired=false}]
nearBallStream : [Event{timestamp=-1, data=[54, 11855420461168994, -1924, 10601], isExpired=true}]
17700k > 23 min : 4s
nearBallStream : [Event{timestamp=-1, data=[54, 11856159752841640, -698, 10732], isExpired=false}]
nearBallStream : [Event{timestamp=-1, data=[54, 11856159752841640, -698, 10732], isExpired=true}]
17800k > 23 min : 12s
17900k > 23 min : 20s
18000k > 23 min : 28s
18100k > 23 min : 36s
18200k > 23 min : 43s
<playersStream> Throughput = 4768.25 Event/sec 2145147
18300k > 23 min : 51s
18400k > 23 min : 59s
18500k > 24 min : 7s
18600k > 24 min : 15s
18700k > 24 min : 24s
<ballStream> Throughput = 4328.11 Event/sec 1950502
18800k > 24 min : 32s
18900k > 24 min : 40s
19000k > 24 min : 48s
nearBallStream : [Event{timestamp=-1, data=[88, 11962221502420079, 37861, -11646], isExpired=false}, Event{timestamp=-1, data=[88, 11962221502420079, 37861, -11646], isExpired=false}]
nearBallStream : [Event{timestamp=-1, data=[88, 11962221502420079, 37861, -11646], isExpired=true}, Event{timestamp=-1, data=[88, 11962221502420079, 37861, -11646], isExpired=true}]
nearBallStream : [Event{timestamp=-1, data=[44, 11963059306637963, 38045, -11234], isExpired=false}, Event{timestamp=-1, data=[44, 11963059306637963, 38045, -11234], isExpired=false}, Event{timestamp=-1, data=[44, 11963059306637963, 38045, -11234], isExpired=false}]
nearBallStream : [Event{timestamp=-1, data=[44, 11963059306637963, 38045, -11234], isExpired=true}, Event{timestamp=-1, data=[44, 11963059306637963, 38045, -11234], isExpired=true}, Event{timestamp=-1, data=[44, 11963059306637963, 38045, -11234], isExpired=true}]
19100k > 24 min : 56s
19200k > 25 min : 4s
19300k > 25 min : 13s
19400k > 25 min : 21s
19500k > 25 min : 29s
19600k > 25 min : 38s
19700k > 25 min : 46s
19800k > 25 min : 54s
nearBallStream : [Event{timestamp=-1, data=[66, 12026525945870233, 43132, 29920], isExpired=false}]
nearBallStream : [Event{timestamp=-1, data=[66, 12026525945870233, 43132, 29920], isExpired=true}]
19900k > 26 min : 3s
nearBallStream : [Event{timestamp=-1, data=[61, 12030059173745808, 36229, 25705], isExpired=false}]
nearBallStream : [Event{timestamp=-1, data=[61, 12030059173745808, 36229, 25705], isExpired=true}]
20000k > 26 min : 11s
nearBallStream : [Event{timestamp=-1, data=[68, 12040105628269381, 19350, 11475], isExpired=false}, Event{timestamp=-1, data=[68, 12040110551238096, 19354, 11469], isExpired=false}, Event{timestamp=-1, data=[68, 12040140089049826, 19378, 11441], isExpired=false}]
nearBallStream : [Event{timestamp=-1, data=[68, 12040105628269381, 19350, 11475], isExpired=true}]
nearBallStream : [Event{timestamp=-1, data=[68, 12040149934986898, 19382, 11437], isExpired=false}, Event{timestamp=-1, data=[68, 12040154857955791, 19384, 11434], isExpired=false}, Event{timestamp=-1, data=[68, 12040253317328796, 19455, 11367], isExpired=false}]
nearBallStream : [Event{timestamp=-1, data=[68, 12040110551238096, 19354, 11469], isExpired=true}, Event{timestamp=-1, data=[68, 12040140089049826, 19378, 11441], isExpired=true}, Event{timestamp=-1, data=[68, 12040149934986898, 19382, 11437], isExpired=true}, Event{timestamp=-1, data=[68, 12040154857955791, 19384, 11434], isExpired=true}, Event{timestamp=-1, data=[68, 12040253317328796, 19455, 11367], isExpired=true}]
20100k > 26 min : 20s
nearBallStream : [Event{timestamp=-1, data=[44, 12049049685380338, 51303, -28415], isExpired=false}, Event{timestamp=-1, data=[44, 12049049685380338, 51303, -28415], isExpired=false}]
nearBallStream : [Event{timestamp=-1, data=[44, 12049049685380338, 51303, -28415], isExpired=true}, Event{timestamp=-1, data=[44, 12049049685380338, 51303, -28415], isExpired=true}]
20200k > 26 min : 28s
20300k > 26 min : 36s
20400k > 26 min : 45s
20500k > 26 min : 54s
20600k > 27 min : 2s
20700k > 27 min : 11s
nearBallStream : [Event{timestamp=-1, data=[57, 12095742576275122, 26467, -2304], isExpired=false}]
nearBallStream : [Event{timestamp=-1, data=[57, 12095742576275122, 26467, -2304], isExpired=true}]
20800k > 27 min : 21s
20900k > 27 min : 33s
21000k > 27 min : 50s
21100k > 28 min : 6s
21200k > 28 min : 23s
nearBallStream : [Event{timestamp=-1, data=[71, 12136123243177631, 15274, 14101], isExpired=false}]
nearBallStream : [Event{timestamp=-1, data=[71, 12136123243177631, 15274, 14101], isExpired=true}]
21300k > 28 min : 39s
21400k > 28 min : 56s
21500k > 29 min : 17s
21600k > 29 min : 42s
21700k > 30 min : 7s
21800k > 30 min : 31s
nearBallStream : [Event{timestamp=-1, data=[54, 12184062187534777, 2384, -11736], isExpired=false}, Event{timestamp=-1, data=[54, 12184062187534777, 2384, -11736], isExpired=false}, Event{timestamp=-1, data=[54, 12184062187534777, 2384, -11736], isExpired=false}, Event{timestamp=-1, data=[54, 12184062187534777, 2384, -11736], isExpired=false}, Event{timestamp=-1, data=[54, 12184062187534777, 2384, -11736], isExpired=false}, Event{timestamp=-1, data=[54, 12184062187534777, 2384, -11736], isExpired=false}, Event{timestamp=-1, data=[54, 12184062187534777, 2384, -11736], isExpired=false}, Event{timestamp=-1, data=[54, 12184057355563525, 2372, -11727], isExpired=false}]
nearBallStream : [Event{timestamp=-1, data=[54, 12184062187534777, 2384, -11736], isExpired=true}, Event{timestamp=-1, data=[54, 12184062187534777, 2384, -11736], isExpired=true}, Event{timestamp=-1, data=[54, 12184062187534777, 2384, -11736], isExpired=true}, Event{timestamp=-1, data=[54, 12184062187534777, 2384, -11736], isExpired=true}, Event{timestamp=-1, data=[54, 12184062187534777, 2384, -11736], isExpired=true}, Event{timestamp=-1, data=[54, 12184062187534777, 2384, -11736], isExpired=true}, Event{timestamp=-1, data=[54, 12184062187534777, 2384, -11736], isExpired=true}, Event{timestamp=-1, data=[54, 12184057355563525, 2372, -11727], isExpired=true}]
nearBallStream : [Event{timestamp=-1, data=[47, 12191221170256481, 49047, -11428], isExpired=false}, Event{timestamp=-1, data=[47, 12191221170256481, 49047, -11428], isExpired=false}]
nearBallStream : [Event{timestamp=-1, data=[47, 12191221170256481, 49047, -11428], isExpired=true}, Event{timestamp=-1, data=[47, 12191221170256481, 49047, -11428], isExpired=true}]
21900k > 30 min : 51s
22000k > 31 min : 9s
22100k > 31 min : 27s
nearBallStream : [Event{timestamp=-1, data=[44, 12215280273987848, 43736, 4489], isExpired=false}]
nearBallStream : [Event{timestamp=-1, data=[44, 12215280273987848, 43736, 4489], isExpired=true}]
22200k > 31 min : 46s
22300k > 32 min : 3s
nearBallStream : [Event{timestamp=-1, data=[54, 12230912987219365, 19308, 19447], isExpired=false}]
nearBallStream : [Event{timestamp=-1, data=[54, 12230912987219365, 19308, 19447], isExpired=true}]
22400k > 40 min : 35s
<playersStream> Throughput = 4594.02 Event/sec 2096229
22500k > 40 min : 41s
22600k > 40 min : 48s
22700k > 40 min : 55s
22800k > 41 min : 1s
22900k > 41 min : 8s
<ballStream> Throughput = 4399.07 Event/sec 2006033
23000k > 41 min : 15s
23100k > 41 min : 22s
nearBallStream : [Event{timestamp=-1, data=[61, 12322163654442799, 22594, 28241], isExpired=false}]
nearBallStream : [Event{timestamp=-1, data=[61, 12322163654442799, 22594, 28241], isExpired=true}]
nearBallStream : [Event{timestamp=-1, data=[99, 12325954553562002, 25585, 28201], isExpired=false}, Event{timestamp=-1, data=[99, 12325954553562002, 25585, 28201], isExpired=false}, Event{timestamp=-1, data=[99, 12325954553562002, 25585, 28201], isExpired=false}, Event{timestamp=-1, data=[99, 12326016016543650, 25521, 28173], isExpired=false}, Event{timestamp=-1, data=[99, 12326016016543650, 25521, 28173], isExpired=false}, Event{timestamp=-1, data=[99, 12326016016543650, 25521, 28173], isExpired=false}, Event{timestamp=-1, data=[99, 12326016016543650, 25521, 28173], isExpired=false}, Event{timestamp=-1, data=[99, 12326016016543650, 25521, 28173], isExpired=false}]
nearBallStream : [Event{timestamp=-1, data=[99, 12325954553562002, 25585, 28201], isExpired=true}, Event{timestamp=-1, data=[99, 12325954553562002, 25585, 28201], isExpired=true}, Event{timestamp=-1, data=[99, 12325954553562002, 25585, 28201], isExpired=true}, Event{timestamp=-1, data=[99, 12326016016543650, 25521, 28173], isExpired=true}, Event{timestamp=-1, data=[99, 12326016016543650, 25521, 28173], isExpired=true}, Event{timestamp=-1, data=[99, 12326016016543650, 25521, 28173], isExpired=true}, Event{timestamp=-1, data=[99, 12326016016543650, 25521, 28173], isExpired=true}, Event{timestamp=-1, data=[99, 12326016016543650, 25521, 28173], isExpired=true}]
nearBallStream : [Event{timestamp=-1, data=[61, 12328624718140576, 26290, 28241], isExpired=false}]
nearBallStream : [Event{timestamp=-1, data=[61, 12328624718140576, 26290, 28241], isExpired=true}]
nearBallStream : [Event{timestamp=-1, data=[99, 12329324773727874, 26248, 28154], isExpired=false}, Event{timestamp=-1, data=[61, 12329893507088318, 26590, 28356], isExpired=false}]
nearBallStream : [Event{timestamp=-1, data=[99, 12329324773727874, 26248, 28154], isExpired=true}, Event{timestamp=-1, data=[61, 12329893507088318, 26590, 28356], isExpired=true}]
nearBallStream : [Event{timestamp=-1, data=[99, 12331194272754620, 26510, 28261], isExpired=false}, Event{timestamp=-1, data=[61, 12331255015233069, 26492, 28345], isExpired=false}, Event{timestamp=-1, data=[61, 12331259895190480, 26491, 28343], isExpired=false}]
nearBallStream : [Event{timestamp=-1, data=[99, 12331194272754620, 26510, 28261], isExpired=true}, Event{timestamp=-1, data=[61, 12331255015233069, 26492, 28345], isExpired=true}, Event{timestamp=-1, data=[61, 12331259895190480, 26491, 28343], isExpired=true}]
23200k > 41 min : 29s
nearBallStream : [Event{timestamp=-1, data=[99, 12333273770302892, 25952, 27414], isExpired=false}, Event{timestamp=-1, data=[99, 12333273770302892, 25952, 27414], isExpired=false}, Event{timestamp=-1, data=[99, 12333611816702714, 25806, 27147], isExpired=false}]
nearBallStream : [Event{timestamp=-1, data=[99, 12333273770302892, 25952, 27414], isExpired=true}, Event{timestamp=-1, data=[99, 12333273770302892, 25952, 27414], isExpired=true}, Event{timestamp=-1, data=[99, 12333611816702714, 25806, 27147], isExpired=true}]
23300k > 41 min : 35s
23400k > 41 min : 42s
nearBallStream : [Event{timestamp=-1, data=[66, 12365647492734493, 45060, -350], isExpired=false}]
nearBallStream : [Event{timestamp=-1, data=[66, 12365647492734493, 45060, -350], isExpired=true}]
nearBallStream : [Event{timestamp=-1, data=[13, 12371536752020067, 28626, -27405], isExpired=false}, Event{timestamp=-1, data=[13, 12371536752020067, 28626, -27405], isExpired=false}]
nearBallStream : [Event{timestamp=-1, data=[13, 12371536752020067, 28626, -27405], isExpired=true}, Event{timestamp=-1, data=[13, 12371536752020067, 28626, -27405], isExpired=true}]
23500k > 41 min : 49s
23600k > 41 min : 55s
23700k > 42 min : 2s
23800k > 42 min : 9s
23900k > 42 min : 16s
24000k > 42 min : 23s
24100k > 42 min : 29s
24200k > 42 min : 36s
24300k > 42 min : 43s
24400k > 42 min : 50s
24500k > 42 min : 57s
24600k > 43 min : 3s
nearBallStream : [Event{timestamp=-1, data=[59, 13081765721980392, 25222, -819], isExpired=false}, Event{timestamp=-1, data=[59, 13081765721980392, 25222, -819], isExpired=false}, Event{timestamp=-1, data=[59, 13081765721980392, 25222, -819], isExpired=false}, Event{timestamp=-1, data=[59, 13081765721980392, 25222, -819], isExpired=false}]
nearBallStream : [Event{timestamp=-1, data=[59, 13081765721980392, 25222, -819], isExpired=true}, Event{timestamp=-1, data=[59, 13081765721980392, 25222, -819], isExpired=true}, Event{timestamp=-1, data=[59, 13081765721980392, 25222, -819], isExpired=true}, Event{timestamp=-1, data=[59, 13081765721980392, 25222, -819], isExpired=true}]
24700k > 43 min : 10s
24800k > 43 min : 17s
nearBallStream : [Event{timestamp=-1, data=[16, 13090974143202078, 9307, 7420], isExpired=false}]
nearBallStream : [Event{timestamp=-1, data=[16, 13090974143202078, 9307, 7420], isExpired=true}]
24900k > 43 min : 24s
25000k > 43 min : 30s
25100k > 43 min : 37s
25200k > 43 min : 44s
25300k > 43 min : 50s
nearBallStream : [Event{timestamp=-1, data=[52, 13124756046284228, 5155, -33802], isExpired=false}, Event{timestamp=-1, data=[52, 13124760867257055, 5127, -33806], isExpired=false}]
nearBallStream : [Event{timestamp=-1, data=[52, 13124756046284228, 5155, -33802], isExpired=true}, Event{timestamp=-1, data=[52, 13124760867257055, 5127, -33806], isExpired=true}]
25400k > 43 min : 57s
25500k > 44 min : 4s
25600k > 44 min : 11s
nearBallStream : [Event{timestamp=-1, data=[69, 13150684544202464, 52506, -22650], isExpired=false}]
nearBallStream : [Event{timestamp=-1, data=[69, 13150684544202464, 52506, -22650], isExpired=true}]
25700k > 44 min : 17s
25800k > 44 min : 24s
nearBallStream : [Event{timestamp=-1, data=[73, 13163154462558261, 24270, 5870], isExpired=false}]
nearBallStream : [Event{timestamp=-1, data=[73, 13163154462558261, 24270, 5870], isExpired=true}]
nearBallStream : [Event{timestamp=-1, data=[74, 13163407175259108, 23920, 6563], isExpired=false}, Event{timestamp=-1, data=[74, 13163412137202973, 23919, 6563], isExpired=false}]
nearBallStream : [Event{timestamp=-1, data=[74, 13163407175259108, 23920, 6563], isExpired=true}, Event{timestamp=-1, data=[74, 13163412137202973, 23919, 6563], isExpired=true}]
25900k > 44 min : 31s
nearBallStream : [Event{timestamp=-1, data=[13, 13168904876719427, 23778, 27017], isExpired=false}, Event{timestamp=-1, data=[13, 13168932302498215, 23777, 27015], isExpired=false}, Event{timestamp=-1, data=[13, 13168936873461628, 23778, 27016], isExpired=false}]
nearBallStream : [Event{timestamp=-1, data=[13, 13168904876719427, 23778, 27017], isExpired=true}]
nearBallStream : [Event{timestamp=-1, data=[13, 13168936873461628, 23778, 27016], isExpired=true}, Event{timestamp=-1, data=[13, 13168932302498215, 23777, 27015], isExpired=true}]
26000k > 44 min : 37s
26100k > 44 min : 44s
26200k > 44 min : 51s
26300k > 44 min : 58s
nearBallStream : [Event{timestamp=-1, data=[67, 13198385622646237, 49465, -13251], isExpired=false}]
nearBallStream : [Event{timestamp=-1, data=[67, 13198385622646237, 49465, -13251], isExpired=true}]
26400k > 45 min : 4s
26500k > 45 min : 11s
26600k > 45 min : 18s
<playersStream> Throughput = 4823.16 Event/sec 2261899
26700k > 45 min : 24s
26800k > 45 min : 31s
26900k > 45 min : 38s
27000k > 45 min : 45s
27100k > 45 min : 51s
27200k > 45 min : 58s
<ballStream> Throughput = 4000.86 Event/sec 1914018
nearBallStream : [Event{timestamp=-1, data=[40, 13260029179495141, 31333, -21898], isExpired=false}, Event{timestamp=-1, data=[40, 13260033923512232, 31333, -21898], isExpired=false}, Event{timestamp=-1, data=[40, 13260010203426747, 31306, -21904], isExpired=false}, Event{timestamp=-1, data=[40, 13260010203426747, 31306, -21904], isExpired=false}]
27300k > 46 min : 5s
nearBallStream : [Event{timestamp=-1, data=[40, 13260038667529286, 31333, -21898], isExpired=false}, Event{timestamp=-1, data=[40, 13260043411546998, 31333, -21898], isExpired=false}, Event{timestamp=-1, data=[40, 13260048155564064, 31333, -21898], isExpired=false}, Event{timestamp=-1, data=[40, 13260052899580934, 31333, -21898], isExpired=false}, Event{timestamp=-1, data=[40, 13260057643598185, 31333, -21898], isExpired=false}, Event{timestamp=-1, data=[40, 13260062387615742, 31333, -21898], isExpired=false}, Event{timestamp=-1, data=[40, 13260067131632022, 31333, -21898], isExpired=false}, Event{timestamp=-1, data=[40, 13260071875650196, 31333, -21898], isExpired=false}, Event{timestamp=-1, data=[40, 13260076619667133, 31333, -21898], isExpired=false}, Event{timestamp=-1, data=[40, 13260081363683798, 31333, -21898], isExpired=false}]
nearBallStream : [Event{timestamp=-1, data=[40, 13260010203426747, 31306, -21904], isExpired=true}, Event{timestamp=-1, data=[40, 13260010203426747, 31306, -21904], isExpired=true}, Event{timestamp=-1, data=[40, 13260029179495141, 31333, -21898], isExpired=true}, Event{timestamp=-1, data=[40, 13260033923512232, 31333, -21898], isExpired=true}, Event{timestamp=-1, data=[40, 13260038667529286, 31333, -21898], isExpired=true}, Event{timestamp=-1, data=[40, 13260043411546998, 31333, -21898], isExpired=true}, Event{timestamp=-1, data=[40, 13260048155564064, 31333, -21898], isExpired=true}, Event{timestamp=-1, data=[40, 13260052899580934, 31333, -21898], isExpired=true}, Event{timestamp=-1, data=[40, 13260057643598185, 31333, -21898], isExpired=true}, Event{timestamp=-1, data=[40, 13260062387615742, 31333, -21898], isExpired=true}, Event{timestamp=-1, data=[40, 13260067131632022, 31333, -21898], isExpired=true}, Event{timestamp=-1, data=[40, 13260071875650196, 31333, -21898], isExpired=true}, Event{timestamp=-1, data=[40, 13260076619667133, 31333, -21898], isExpired=true}, Event{timestamp=-1, data=[40, 13260081363683798, 31333, -21898], isExpired=true}]
27400k > 46 min : 12s
27500k > 46 min : 18s
27600k > 46 min : 25s
27700k > 46 min : 32s
27800k > 46 min : 39s
27900k > 46 min : 45s
28000k > 46 min : 52s
28100k > 46 min : 59s
28200k > 47 min : 5s
28300k > 47 min : 12s
28400k > 47 min : 19s
nearBallStream : [Event{timestamp=-1, data=[73, 13336231163072158, 18438, 27580], isExpired=false}, Event{timestamp=-1, data=[73, 13336231163072158, 18438, 27580], isExpired=false}]
nearBallStream : [Event{timestamp=-1, data=[73, 13336231163072158, 18438, 27580], isExpired=true}, Event{timestamp=-1, data=[73, 13336231163072158, 18438, 27580], isExpired=true}]
28500k > 47 min : 26s
28600k > 47 min : 32s
28700k > 47 min : 39s
nearBallStream : [Event{timestamp=-1, data=[68, 13355877292588586, 34642, -7327], isExpired=false}, Event{timestamp=-1, data=[68, 13355877292588586, 34642, -7327], isExpired=false}]
nearBallStream : [Event{timestamp=-1, data=[68, 13355877292588586, 34642, -7327], isExpired=true}, Event{timestamp=-1, data=[68, 13355877292588586, 34642, -7327], isExpired=true}]
28800k > 47 min : 46s
28900k > 47 min : 53s
29000k > 47 min : 59s
nearBallStream : [Event{timestamp=-1, data=[57, 13375936460171613, 32374, -6658], isExpired=false}]
nearBallStream : [Event{timestamp=-1, data=[57, 13375936460171613, 32374, -6658], isExpired=true}]
29100k > 48 min : 6s
29200k > 48 min : 13s
29300k > 48 min : 20s
nearBallStream : [Event{timestamp=-1, data=[68, 13397476351290697, 20159, -3183], isExpired=false}]
nearBallStream : [Event{timestamp=-1, data=[68, 13397476351290697, 20159, -3183], isExpired=true}]
29400k > 48 min : 27s
29500k > 48 min : 34s
29600k > 48 min : 41s
29700k > 48 min : 48s
nearBallStream : [Event{timestamp=-1, data=[24, 13423636800108611, 22899, 6502], isExpired=false}]
nearBallStream : [Event{timestamp=-1, data=[24, 13423636800108611, 22899, 6502], isExpired=true}]
29800k > 48 min : 54s
nearBallStream : [Event{timestamp=-1, data=[24, 13432661554650780, 25833, 6129], isExpired=false}]
nearBallStream : [Event{timestamp=-1, data=[24, 13432661554650780, 25833, 6129], isExpired=true}]
29900k > 49 min : 1s
30000k > 49 min : 8s
30100k > 49 min : 15s
nearBallStream : [Event{timestamp=-1, data=[68, 13449684396870855, 45126, -4605], isExpired=false}]
nearBallStream : [Event{timestamp=-1, data=[68, 13449684396870855, 45126, -4605], isExpired=true}]
30200k > 49 min : 22s
nearBallStream : [Event{timestamp=-1, data=[63, 13455770105056101, 8700, -3811], isExpired=false}]
nearBallStream : [Event{timestamp=-1, data=[63, 13455770105056101, 8700, -3811], isExpired=true}]
30300k > 49 min : 28s
30400k > 49 min : 35s
30500k > 49 min : 42s
30600k > 49 min : 49s
30700k > 49 min : 55s
nearBallStream : [Event{timestamp=-1, data=[49, 13491183471481167, 29167, 5995], isExpired=false}]
nearBallStream : [Event{timestamp=-1, data=[49, 13491183471481167, 29167, 5995], isExpired=true}]
30800k > 50 min : 2s
<playersStream> Throughput = 4454.8 Event/sec 1915634
30900k > 50 min : 9s
31000k > 50 min : 16s
31100k > 50 min : 22s
31200k > 50 min : 29s
31300k > 50 min : 36s
nearBallStream : [Event{timestamp=-1, data=[73, 13533037093002306, 42883, 9401], isExpired=false}]
nearBallStream : [Event{timestamp=-1, data=[73, 13533037093002306, 42883, 9401], isExpired=true}]
31400k > 50 min : 42s
<ballStream> Throughput = 5067.74 Event/sec 2182158
31500k > 50 min : 49s
31600k > 50 min : 56s
31700k > 51 min : 3s
nearBallStream : [Event{timestamp=-1, data=[98, 13560130365664808, 30933, 26328], isExpired=false}]
nearBallStream : [Event{timestamp=-1, data=[98, 13560130365664808, 30933, 26328], isExpired=true}]
nearBallStream : [Event{timestamp=-1, data=[98, 13560861806664253, 31684, 25183], isExpired=false}]
nearBallStream : [Event{timestamp=-1, data=[98, 13560861806664253, 31684, 25183], isExpired=true}]
nearBallStream : [Event{timestamp=-1, data=[97, 13561211189062242, 32144, 24775], isExpired=false}, Event{timestamp=-1, data=[97, 13561211189062242, 32144, 24775], isExpired=false}]
nearBallStream : [Event{timestamp=-1, data=[97, 13561211189062242, 32144, 24775], isExpired=true}, Event{timestamp=-1, data=[97, 13561211189062242, 32144, 24775], isExpired=true}]
nearBallStream : [Event{timestamp=-1, data=[97, 13562876717922084, 31263, 24980], isExpired=false}]
nearBallStream : [Event{timestamp=-1, data=[97, 13562876717922084, 31263, 24980], isExpired=true}]
31800k > 51 min : 10s
31900k > 51 min : 16s
32000k > 51 min : 23s
nearBallStream : [Event{timestamp=-1, data=[53, 13577497179042142, 46460, 6521], isExpired=false}]
nearBallStream : [Event{timestamp=-1, data=[53, 13577497179042142, 46460, 6521], isExpired=true}]
32100k > 51 min : 30s
32200k > 51 min : 37s
32300k > 51 min : 43s
nearBallStream : [Event{timestamp=-1, data=[67, 13600560691533538, 29151, -5625], isExpired=false}]
nearBallStream : [Event{timestamp=-1, data=[67, 13600560691533538, 29151, -5625], isExpired=true}]
32400k > 51 min : 50s
32500k > 51 min : 57s
32600k > 52 min : 4s
32700k > 52 min : 10s
32800k > 52 min : 17s
nearBallStream : [Event{timestamp=-1, data=[67, 13635230359763708, 24679, 26417], isExpired=false}]
nearBallStream : [Event{timestamp=-1, data=[67, 13635230359763708, 24679, 26417], isExpired=true}]
32900k > 52 min : 23s
33000k > 52 min : 30s
33100k > 52 min : 37s
nearBallStream : [Event{timestamp=-1, data=[88, 13654167871634691, 16901, 18464], isExpired=false}]
nearBallStream : [Event{timestamp=-1, data=[88, 13654167871634691, 16901, 18464], isExpired=true}]
33200k > 52 min : 44s
33300k > 52 min : 50s
33400k > 52 min : 57s
33500k > 53 min : 4s
nearBallStream : [Event{timestamp=-1, data=[63, 13684648083666612, 2200, -7277], isExpired=false}]
nearBallStream : [Event{timestamp=-1, data=[63, 13684648083666612, 2200, -7277], isExpired=true}]
33600k > 53 min : 11s
33700k > 53 min : 18s
33800k > 53 min : 24s
33900k > 53 min : 31s
34000k > 53 min : 38s
34100k > 53 min : 45s
34200k > 53 min : 52s
34300k > 53 min : 58s
nearBallStream : [Event{timestamp=-1, data=[75, 13735868528699010, 11394, 2643], isExpired=false}]
nearBallStream : [Event{timestamp=-1, data=[75, 13735868528699010, 11394, 2643], isExpired=true}]
nearBallStream : [Event{timestamp=-1, data=[75, 13736822388505405, 12809, 7204], isExpired=false}, Event{timestamp=-1, data=[75, 13736842260584661, 12860, 7348], isExpired=false}]
nearBallStream : [Event{timestamp=-1, data=[75, 13736822388505405, 12809, 7204], isExpired=true}, Event{timestamp=-1, data=[75, 13736842260584661, 12860, 7348], isExpired=true}]
34400k > 54 min : 5s
34500k > 54 min : 12s
34600k > 54 min : 19s
nearBallStream : [Event{timestamp=-1, data=[98, 13753823995763467, 21403, 29447], isExpired=false}, Event{timestamp=-1, data=[98, 13753823995763467, 21403, 29447], isExpired=false}, Event{timestamp=-1, data=[98, 13753823995763467, 21403, 29447], isExpired=false}, Event{timestamp=-1, data=[98, 13753823995763467, 21403, 29447], isExpired=false}, Event{timestamp=-1, data=[98, 13753823995763467, 21403, 29447], isExpired=false}, Event{timestamp=-1, data=[98, 13753829110729519, 21404, 29446], isExpired=false}, Event{timestamp=-1, data=[98, 13753829110729519, 21404, 29446], isExpired=false}, Event{timestamp=-1, data=[98, 13753829110729519, 21404, 29446], isExpired=false}]
nearBallStream : [Event{timestamp=-1, data=[98, 13753823995763467, 21403, 29447], isExpired=true}, Event{timestamp=-1, data=[98, 13753823995763467, 21403, 29447], isExpired=true}, Event{timestamp=-1, data=[98, 13753823995763467, 21403, 29447], isExpired=true}, Event{timestamp=-1, data=[98, 13753823995763467, 21403, 29447], isExpired=true}, Event{timestamp=-1, data=[98, 13753823995763467, 21403, 29447], isExpired=true}, Event{timestamp=-1, data=[98, 13753829110729519, 21404, 29446], isExpired=true}, Event{timestamp=-1, data=[98, 13753829110729519, 21404, 29446], isExpired=true}, Event{timestamp=-1, data=[98, 13753829110729519, 21404, 29446], isExpired=true}]
34700k > 54 min : 26s
34800k > 54 min : 32s
34900k > 54 min : 39s
35000k > 54 min : 46s
<playersStream> Throughput = 4428.5 Event/sec 1920681
35100k > 54 min : 53s
35200k > 54 min : 59s
35300k > 55 min : 6s
35400k > 55 min : 13s
nearBallStream : [Event{timestamp=-1, data=[52, 13807593722550110, 36625, 20283], isExpired=false}]
nearBallStream : [Event{timestamp=-1, data=[52, 13807593722550110, 36625, 20283], isExpired=true}]
nearBallStream : [Event{timestamp=-1, data=[19, 13807974432072823, 35967, 20311], isExpired=false}]
nearBallStream : [Event{timestamp=-1, data=[19, 13807974432072823, 35967, 20311], isExpired=true}]
35500k > 55 min : 19s
nearBallStream : [Event{timestamp=-1, data=[68, 13817129644148916, 18275, -4586], isExpired=false}]
nearBallStream : [Event{timestamp=-1, data=[68, 13817129644148916, 18275, -4586], isExpired=true}]
35600k > 55 min : 26s
<ballStream> Throughput = 5100.15 Event/sec 2193012
35700k > 55 min : 33s
35800k > 55 min : 40s
35900k > 55 min : 46s
nearBallStream : [Event{timestamp=-1, data=[40, 13842333350158047, 36203, -20196], isExpired=false}]
nearBallStream : [Event{timestamp=-1, data=[40, 13842333350158047, 36203, -20196], isExpired=true}]
36000k > 55 min : 53s
36100k > 56 min : 0s
nearBallStream : [Event{timestamp=-1, data=[58, 13857213572937701, 43597, -30846], isExpired=false}]
nearBallStream : [Event{timestamp=-1, data=[58, 13857213572937701, 43597, -30846], isExpired=true}]
36200k > 56 min : 7s
36300k > 56 min : 13s
nearBallStream : [Event{timestamp=-1, data=[54, 13869289747431446, 54336, -23787], isExpired=false}]
nearBallStream : [Event{timestamp=-1, data=[54, 13869289747431446, 54336, -23787], isExpired=true}]
36400k > 56 min : 20s
36500k > 56 min : 27s
36600k > 56 min : 34s
nearBallStream : [Event{timestamp=-1, data=[61, 13892524882320292, 37757, -38516], isExpired=false}]
nearBallStream : [Event{timestamp=-1, data=[61, 13892524882320292, 37757, -38516], isExpired=true}]
36700k > 56 min : 40s
nearBallStream : [Event{timestamp=-1, data=[62, 13896303649727791, 31894, -30391], isExpired=false}]
nearBallStream : [Event{timestamp=-1, data=[62, 13896303649727791, 31894, -30391], isExpired=true}]
nearBallStream : [Event{timestamp=-1, data=[62, 13896806801300186, 31288, -29442], isExpired=false}]
nearBallStream : [Event{timestamp=-1, data=[62, 13896806801300186, 31288, -29442], isExpired=true}]
36800k > 56 min : 47s
36900k > 56 min : 54s
nearBallStream : [Event{timestamp=-1, data=[49, 13910723938486369, 7900, -10975], isExpired=false}]
nearBallStream : [Event{timestamp=-1, data=[49, 13910723938486369, 7900, -10975], isExpired=true}]
nearBallStream : [Event{timestamp=-1, data=[49, 13911655130715206, 7690, -13195], isExpired=false}]
nearBallStream : [Event{timestamp=-1, data=[49, 13911655130715206, 7690, -13195], isExpired=true}]
nearBallStream : [Event{timestamp=-1, data=[63, 13914783059919785, 1926, -23045], isExpired=false}]
nearBallStream : [Event{timestamp=-1, data=[63, 13914783059919785, 1926, -23045], isExpired=true}]
37000k > 57 min : 0s
37100k > 57 min : 7s
37200k > 57 min : 14s
nearBallStream : [Event{timestamp=-1, data=[44, 13931711960245704, 22123, -2145], isExpired=false}, Event{timestamp=-1, data=[44, 13931735800098620, 22177, -2083], isExpired=false}, Event{timestamp=-1, data=[44, 13931764407918741, 22236, -2001], isExpired=false}]
nearBallStream : [Event{timestamp=-1, data=[44, 13931711960245704, 22123, -2145], isExpired=true}, Event{timestamp=-1, data=[44, 13931735800098620, 22177, -2083], isExpired=true}, Event{timestamp=-1, data=[44, 13931764407918741, 22236, -2001], isExpired=true}]
37300k > 57 min : 21s
nearBallStream : [Event{timestamp=-1, data=[67, 13939886853480455, 28351, -9106], isExpired=false}]
nearBallStream : [Event{timestamp=-1, data=[67, 13939886853480455, 28351, -9106], isExpired=true}]
37400k > 57 min : 27s
37500k > 57 min : 34s
nearBallStream : [Event{timestamp=-1, data=[97, 13952860736922948, 27987, 26662], isExpired=false}, Event{timestamp=-1, data=[97, 13952860736922948, 27987, 26662], isExpired=false}]
nearBallStream : [Event{timestamp=-1, data=[97, 13952860736922948, 27987, 26662], isExpired=true}, Event{timestamp=-1, data=[97, 13952860736922948, 27987, 26662], isExpired=true}]
37600k > 57 min : 41s
37700k > 57 min : 48s
nearBallStream : [Event{timestamp=-1, data=[59, 13967937391411704, 43943, -31477], isExpired=false}]
nearBallStream : [Event{timestamp=-1, data=[59, 13967937391411704, 43943, -31477], isExpired=true}]
37800k > 57 min : 55s
nearBallStream : [Event{timestamp=-1, data=[62, 13975674592295507, 17728, -28794], isExpired=false}]
nearBallStream : [Event{timestamp=-1, data=[62, 13975674592295507, 17728, -28794], isExpired=true}]
37900k > 58 min : 1s
38000k > 58 min : 8s
38100k > 58 min : 15s
38200k > 58 min : 22s
nearBallStream : [Event{timestamp=-1, data=[75, 14001543366735805, 40632, 2273], isExpired=false}]
nearBallStream : [Event{timestamp=-1, data=[75, 14001543366735805, 40632, 2273], isExpired=true}]
38300k > 58 min : 29s
38400k > 58 min : 36s
38500k > 58 min : 42s
38600k > 58 min : 49s
38700k > 58 min : 56s
nearBallStream : [Event{timestamp=-1, data=[44, 14034323444894341, 22730, 20095], isExpired=false}]
nearBallStream : [Event{timestamp=-1, data=[44, 14034323444894341, 22730, 20095], isExpired=true}]
38800k > 59 min : 3s
38900k > 59 min : 9s
39000k > 59 min : 16s
39100k > 59 min : 23s
39200k > 59 min : 29s
<playersStream> Throughput = 4432.54 Event/sec 1910102
39300k > 59 min : 36s
nearBallStream : [Event{timestamp=-1, data=[69, 14076660984422883, 45868, -937], isExpired=false}]
nearBallStream : [Event{timestamp=-1, data=[69, 14076660984422883, 45868, -937], isExpired=true}]
39400k > 59 min : 43s
nearBallStream : [Event{timestamp=-1, data=[19, 14083563571639531, 42217, 35254], isExpired=false}]
nearBallStream : [Event{timestamp=-1, data=[19, 14083563571639531, 42217, 35254], isExpired=true}]
39500k > 59 min : 49s
39600k > 59 min : 56s
39700k > 60 min : 3s
39800k > 60 min : 9s
<ballStream> Throughput = 5060.78 Event/sec 2196742
39900k > 60 min : 16s
40000k > 60 min : 22s
40100k > 60 min : 29s
40200k > 60 min : 36s
40300k > 60 min : 43s
40400k > 60 min : 49s
40500k > 60 min : 56s
40600k > 61 min : 3s
nearBallStream : [Event{timestamp=-1, data=[62, 14160643859854868, 16589, -30106], isExpired=false}, Event{timestamp=-1, data=[62, 14160643859854868, 16589, -30106], isExpired=false}]
nearBallStream : [Event{timestamp=-1, data=[62, 14160643859854868, 16589, -30106], isExpired=true}, Event{timestamp=-1, data=[62, 14160643859854868, 16589, -30106], isExpired=true}]
40700k > 61 min : 10s
40800k > 61 min : 16s
40900k > 61 min : 23s
41000k > 61 min : 30s
41100k > 61 min : 36s
41200k > 61 min : 43s
41300k > 61 min : 50s
41400k > 61 min : 57s
41500k > 62 min : 3s
41600k > 62 min : 10s
nearBallStream : [Event{timestamp=-1, data=[75, 14227036883958788, -13393, 8437], isExpired=false}]
nearBallStream : [Event{timestamp=-1, data=[75, 14227036883958788, -13393, 8437], isExpired=true}]
41700k > 62 min : 17s
41800k > 62 min : 23s
41900k > 62 min : 30s
42000k > 62 min : 37s
42100k > 62 min : 44s
42200k > 62 min : 50s
nearBallStream : [Event{timestamp=-1, data=[66, 14272119317771467, 14840, -28324], isExpired=false}, Event{timestamp=-1, data=[66, 14272158613533797, 14759, -28220], isExpired=false}, Event{timestamp=-1, data=[66, 14272207733237589, 14689, -28080], isExpired=false}, Event{timestamp=-1, data=[66, 14272438595845792, 14609, -27965], isExpired=false}]
nearBallStream : [Event{timestamp=-1, data=[66, 14272119317771467, 14840, -28324], isExpired=true}, Event{timestamp=-1, data=[66, 14272158613533797, 14759, -28220], isExpired=true}, Event{timestamp=-1, data=[66, 14272207733237589, 14689, -28080], isExpired=true}, Event{timestamp=-1, data=[66, 14272438595845792, 14609, -27965], isExpired=true}]
42300k > 62 min : 57s
nearBallStream : [Event{timestamp=-1, data=[44, 14278491197276781, 8674, 7595], isExpired=false}]
nearBallStream : [Event{timestamp=-1, data=[44, 14278491197276781, 8674, 7595], isExpired=true}]
42400k > 63 min : 4s
42500k > 63 min : 11s
nearBallStream : [Event{timestamp=-1, data=[44, 14289123771097546, 3040, 27671], isExpired=false}]
nearBallStream : [Event{timestamp=-1, data=[44, 14289123771097546, 3040, 27671], isExpired=true}]
42600k > 63 min : 18s
nearBallStream : [Event{timestamp=-1, data=[64, 14293421663132773, 15442, 19179], isExpired=false}]
nearBallStream : [Event{timestamp=-1, data=[64, 14293421663132773, 15442, 19179], isExpired=true}]
nearBallStream : [Event{timestamp=-1, data=[64, 14295257652931020, 13150, 15354], isExpired=false}]
nearBallStream : [Event{timestamp=-1, data=[64, 14295257652931020, 13150, 15354], isExpired=true}]
42700k > 63 min : 24s
42800k > 63 min : 31s
42900k > 63 min : 38s
43000k > 63 min : 45s
nearBallStream : [Event{timestamp=-1, data=[69, 14322576844175249, 55409, 19937], isExpired=false}]
nearBallStream : [Event{timestamp=-1, data=[69, 14322576844175249, 55409, 19937], isExpired=true}]
43100k > 63 min : 51s
43200k > 63 min : 58s
43300k > 64 min : 5s
43400k > 64 min : 12s
nearBallStream : [Event{timestamp=-1, data=[23, 14346995546333647, 23041, -7171], isExpired=false}]
nearBallStream : [Event{timestamp=-1, data=[23, 14346995546333647, 23041, -7171], isExpired=true}]
<playersStream> Throughput = 4416.17 Event/sec 1913962
43500k > 64 min : 18s
43600k > 64 min : 25s
43700k > 64 min : 31s
nearBallStream : [Event{timestamp=-1, data=[19, 14370239520482180, 48278, -31876], isExpired=false}]
nearBallStream : [Event{timestamp=-1, data=[19, 14370239520482180, 48278, -31876], isExpired=true}]
43800k > 64 min : 38s
43900k > 64 min : 45s
44000k > 64 min : 51s
<ballStream> Throughput = 5062.2 Event/sec 2183740
nearBallStream : [Event{timestamp=-1, data=[66, 14392541183442176, 12799, 25729], isExpired=false}, Event{timestamp=-1, data=[66, 14392546095412860, 12816, 25761], isExpired=false}]
nearBallStream : [Event{timestamp=-1, data=[66, 14392541183442176, 12799, 25729], isExpired=true}, Event{timestamp=-1, data=[66, 14392546095412860, 12816, 25761], isExpired=true}]
44100k > 64 min : 58s
44200k > 65 min : 5s
44300k > 65 min : 11s
44400k > 65 min : 18s
44500k > 65 min : 25s
nearBallStream : [Event{timestamp=-1, data=[14, 14423318242048926, 24729, 27974], isExpired=false}]
nearBallStream : [Event{timestamp=-1, data=[14, 14423318242048926, 24729, 27974], isExpired=true}]
44600k > 65 min : 31s
44700k > 65 min : 38s
44800k > 65 min : 45s
nearBallStream : [Event{timestamp=-1, data=[40, 14443627998934197, 36820, -24040], isExpired=false}]
nearBallStream : [Event{timestamp=-1, data=[40, 14443627998934197, 36820, -24040], isExpired=true}]
44900k > 65 min : 52s
nearBallStream : [Event{timestamp=-1, data=[63, 14448270888413691, 7302, -12768], isExpired=false}]
nearBallStream : [Event{timestamp=-1, data=[63, 14448270888413691, 7302, -12768], isExpired=true}]
45000k > 65 min : 58s
45100k > 66 min : 5s
45200k > 66 min : 12s
45300k > 66 min : 18s
45400k > 66 min : 25s
45500k > 66 min : 31s
45600k > 66 min : 38s
nearBallStream : [Event{timestamp=-1, data=[28, 14496408905792906, 18538, -35696], isExpired=false}]
nearBallStream : [Event{timestamp=-1, data=[28, 14496408905792906, 18538, -35696], isExpired=true}]
nearBallStream : [Event{timestamp=-1, data=[59, 14500576097481818, 5298, -34018], isExpired=false}]
nearBallStream : [Event{timestamp=-1, data=[59, 14500576097481818, 5298, -34018], isExpired=true}]
45700k > 66 min : 44s
nearBallStream : [Event{timestamp=-1, data=[52, 14506094898866540, 4695, -28372], isExpired=false}]
nearBallStream : [Event{timestamp=-1, data=[52, 14506094898866540, 4695, -28372], isExpired=true}]
nearBallStream : [Event{timestamp=-1, data=[52, 14507208543680797, 6194, -27735], isExpired=false}]
nearBallStream : [Event{timestamp=-1, data=[52, 14507208543680797, 6194, -27735], isExpired=true}]
45800k > 66 min : 51s
nearBallStream : [Event{timestamp=-1, data=[19, 14508722995628257, 8841, -24493], isExpired=false}]
nearBallStream : [Event{timestamp=-1, data=[19, 14508722995628257, 8841, -24493], isExpired=true}]
45900k > 66 min : 58s
46000k > 67 min : 5s
46100k > 67 min : 11s
nearBallStream : [Event{timestamp=-1, data=[71, 14528914051400515, 42833, -2678], isExpired=false}, Event{timestamp=-1, data=[71, 14528918995376122, 42849, -2677], isExpired=false}]
nearBallStream : [Event{timestamp=-1, data=[71, 14528914051400515, 42833, -2678], isExpired=true}, Event{timestamp=-1, data=[71, 14528918995376122, 42849, -2677], isExpired=true}]
46200k > 67 min : 18s
46300k > 67 min : 25s
nearBallStream : [Event{timestamp=-1, data=[74, 14542479992917529, 41092, 8904], isExpired=false}]
nearBallStream : [Event{timestamp=-1, data=[74, 14542479992917529, 41092, 8904], isExpired=true}]
nearBallStream : [Event{timestamp=-1, data=[63, 14546701730358731, 28839, 21612], isExpired=false}]
nearBallStream : [Event{timestamp=-1, data=[63, 14546701730358731, 28839, 21612], isExpired=true}]
46400k > 67 min : 31s
46500k > 67 min : 38s
46600k > 67 min : 45s
46700k > 67 min : 52s
46800k > 67 min : 58s
46900k > 68 min : 5s
47000k > 68 min : 11s
47100k > 68 min : 18s
47200k > 68 min : 25s
47300k > 68 min : 31s
nearBallStream : [Event{timestamp=-1, data=[65, 14613735295430250, 16586, -25890], isExpired=false}]
nearBallStream : [Event{timestamp=-1, data=[65, 14613735295430250, 16586, -25890], isExpired=true}]
47400k > 68 min : 38s
47500k > 68 min : 45s
47600k > 68 min : 51s
<playersStream> Throughput = 4425.63 Event/sec 1922718
47700k > 68 min : 58s
47800k > 69 min : 5s
47900k > 69 min : 12s
48000k > 69 min : 18s
48100k > 69 min : 25s
48200k > 69 min : 32s
<ballStream> Throughput = 4976.63 Event/sec 2175472
48300k > 69 min : 38s
48400k > 69 min : 45s
nearBallStream : [Event{timestamp=-1, data=[57, 14684674702334464, 33782, -4957], isExpired=false}]
nearBallStream : [Event{timestamp=-1, data=[57, 14684674702334464, 33782, -4957], isExpired=true}]
48500k > 69 min : 52s
48600k > 69 min : 58s
nearBallStream : [Event{timestamp=-1, data=[99, 14699077393637430, 19789, -34046], isExpired=false}, Event{timestamp=-1, data=[99, 14699077393637430, 19789, -34046], isExpired=false}]
nearBallStream : [Event{timestamp=-1, data=[99, 14699077393637430, 19789, -34046], isExpired=true}, Event{timestamp=-1, data=[99, 14699077393637430, 19789, -34046], isExpired=true}]
48700k > 70 min : 5s
nearBallStream : [Event{timestamp=-1, data=[61, 14702193420692277, 23240, -30803], isExpired=false}, Event{timestamp=-1, data=[61, 14702193420692277, 23240, -30803], isExpired=false}]
nearBallStream : [Event{timestamp=-1, data=[61, 14702193420692277, 23240, -30803], isExpired=true}, Event{timestamp=-1, data=[61, 14702193420692277, 23240, -30803], isExpired=true}]
48800k > 70 min : 12s
48900k > 70 min : 19s
nearBallStream : [Event{timestamp=-1, data=[47, 14717817745445592, -578, -10696], isExpired=false}, Event{timestamp=-1, data=[47, 14717817745445592, -578, -10696], isExpired=false}]
nearBallStream : [Event{timestamp=-1, data=[47, 14717817745445592, -578, -10696], isExpired=true}, Event{timestamp=-1, data=[47, 14717817745445592, -578, -10696], isExpired=true}]
nearBallStream : [Event{timestamp=-1, data=[47, 14720978475018314, -278, -9740], isExpired=false}, Event{timestamp=-1, data=[47, 14720978475018314, -278, -9740], isExpired=false}, Event{timestamp=-1, data=[47, 14720978475018314, -278, -9740], isExpired=false}, Event{timestamp=-1, data=[47, 14720978475018314, -278, -9740], isExpired=false}, Event{timestamp=-1, data=[47, 14720978475018314, -278, -9740], isExpired=false}]
nearBallStream : [Event{timestamp=-1, data=[47, 14720978475018314, -278, -9740], isExpired=true}, Event{timestamp=-1, data=[47, 14720978475018314, -278, -9740], isExpired=true}, Event{timestamp=-1, data=[47, 14720978475018314, -278, -9740], isExpired=true}, Event{timestamp=-1, data=[47, 14720978475018314, -278, -9740], isExpired=true}, Event{timestamp=-1, data=[47, 14720978475018314, -278, -9740], isExpired=true}]
49000k > 70 min : 25s
49100k > 70 min : 32s
49200k > 70 min : 39s
49300k > 70 min : 46s
49400k > 70 min : 52s
49500k > 70 min : 59s
EventConsume [xpc=1|uc=1|mode=cpu_st|rb=8192|bs=0|bmin=0|bmax=0|TimeMs=5178476|ThroughputEPS=9573.49|RealtimeMs=4264605|RealThroughputEPS=11625.01|Speedup=0.82]
QueuePublishLatency ExecutionPlan=0 [xpc=1|uc=1|mode=cpu_st|rb=8192|bs=0|bmin=0|bmax=0|length=11434|Avg=294.76|Min=0.1|Max=5051.18|10=59.72|90=431.75]
Wait few minuts before shutdown...
ExecutionPlan : name=Join OnEnd
EventProcessTroughputEPS ExecutionPlan=Join|xpc=1|uc=1|mode=cpu_st|rb=8192|bs=0|bmin=0|bmax=0|DatasetCount=4|length=24232|Avg=103717.97|Min=2.66|Max=6689625|Var=41513138335.19|StdDev=203747.73
System shutdown
